<?xml version="1.0" encoding="UTF-8"?>
<!-- Generated by org.testng.reporters.JUnitXMLReporter -->
<testsuite ignored="0" hostname="DESKTOP-SHNC452" failures="0" tests="1" name="Test" time="0.068" errors="0" timestamp="2024-12-09T18:50:27 IST">
  <testcase classname="module1_Login.SwagLabLoginTest" name="@BeforeClass OpenBrowwsera" time="-1.733750427882E9">
    <failure type="org.testng.TestNGException" message="
Parameter &amp;apos;browser&amp;apos; is required by BeforeClass on method OpenBrowwsera but has not been marked @Optional or defined
in C:\Users\Hp\git\SauceLab\SauceLab\ParallelCrossbowsing.xml">
      <![CDATA[org.testng.TestNGException: 
Parameter 'browser' is required by BeforeClass on method OpenBrowwsera but has not been marked @Optional or defined
in C:\Users\Hp\git\SauceLab\SauceLab\ParallelCrossbowsing.xml
at java.base/java.util.ArrayList.forEach(ArrayList.java:1597)
... Removed 22 stack frames]]>
    </failure>
  </testcase> <!-- @BeforeClass OpenBrowwsera -->
  <testcase classname="module1_Login.SwagLabLoginTest" name="@BeforeMethod login" time="-1.733750427914E9">
    <skipped/>
  </testcase> <!-- @BeforeMethod login -->
  <testcase classname="module1_Login.SwagLabLoginTest" name="@AfterMethod logout" time="-1.733750427922E9">
    <skipped/>
  </testcase> <!-- @AfterMethod logout -->
  <testcase classname="module1_Login.SwagLabLoginTest" name="@AfterClass closeBrowser" time="-1.733750427924E9">
    <skipped/>
  </testcase> <!-- @AfterClass closeBrowser -->
  <testcase classname="module1_Login.SwagLabLoginTest" name="homepage" time="0.0">
    <skipped/>
  </testcase> <!-- homepage -->
</testsuite> <!-- Test -->
